I, [2020-01-19T20:29:40.618613 #5996]  INFO -- : Cleared interactions for example "Cpc::Pact::AnimalServiceClient get_alligator returns a alligator"
I, [2020-01-19T20:29:40.625148 #5996]  INFO -- : Registered expected interaction GET /alligator
D, [2020-01-19T20:29:40.625428 #5996] DEBUG -- : {
  "description": "a request for an alligator",
  "providerState": "an alligator exists",
  "request": {
    "method": "get",
    "path": "/alligator",
    "query": ""
  },
  "response": {
    "status": 200,
    "headers": {
      "Content-Type": "application/json"
    },
    "body": {
      "name": "Betty"
    }
  },
  "metadata": null
}
I, [2020-01-19T20:29:40.632230 #5996]  INFO -- : Received request GET /alligator
D, [2020-01-19T20:29:40.632565 #5996] DEBUG -- : {
  "path": "/alligator",
  "query": "",
  "method": "get",
  "headers": {
    "Accept-Encoding": "gzip;q=1.0,deflate;q=0.6,identity;q=0.3",
    "Accept": "*/*",
    "User-Agent": "Ruby",
    "Connection": "close",
    "Host": "localhost:1234",
    "Version": "HTTP/1.1"
  }
}
I, [2020-01-19T20:29:40.632900 #5996]  INFO -- : Found matching response for GET /alligator
D, [2020-01-19T20:29:40.633046 #5996] DEBUG -- : {
  "status": 200,
  "headers": {
    "Content-Type": "application/json"
  },
  "body": {
    "name": "Betty"
  }
}
I, [2020-01-19T20:29:40.639441 #5996]  INFO -- : Verifying - interactions matched for example "Cpc::Pact::AnimalServiceClient get_alligator returns a alligator"
I, [2020-01-19T20:29:40.647702 #5996]  INFO -- : Writing pact for Animal Service to /home/alexandergarber/Development/study/cpc-ruby/spec/pacts/zoo_app-animal_service.json
